Build started 10/5/2015 10:34:38 PM.
     1>Project "A:\School\BTP 305\Lab 4\Lab 4\Lab 4.vcxproj" on node 2 (Build target(s)).
     1>ClCompile:
         A:\Personal Programs\VC\bin\CL.exe /c /ZI /nologo /W3 /WX- /sdl /Od /Oy- /D _MBCS /Gm /EHsc /RTC1 /MDd /GS /fp:precise /Zc:wchar_t /Zc:forScope /Fo"Debug\\" /Fd"Debug\vc120.pdb" /Gd /TP /analyze- /errorReport:prompt w4.cpp
         w4.cpp
     1>a:\school\btp 305\lab 4\lab 4\w4.cpp(19): warning C4101: 'width' : unreferenced local variable
     1>a:\school\btp 305\lab 4\lab 4\kvlist.h(28): warning C4018: '<' : signed/unsigned mismatch
                 a:\school\btp 305\lab 4\lab 4\kvlist.h(24) : while compiling class template member function 'int KVList<std::string,double,5>::find(const K &) const'
                 with
                 [
                     K=std::string
                 ]
                 a:\school\btp 305\lab 4\lab 4\w4.cpp(50) : see reference to function template instantiation 'int KVList<std::string,double,5>::find(const K &) const' being compiled
                 with
                 [
                     K=std::string
                 ]
                 a:\school\btp 305\lab 4\lab 4\w4.cpp(23) : see reference to class template instantiation 'KVList<std::string,double,5>' being compiled
     1>a:\school\btp 305\lab 4\lab 4\w4.cpp(10): warning C4018: '<' : signed/unsigned mismatch
                 a:\school\btp 305\lab 4\lab 4\w4.cpp(40) : see reference to function template instantiation 'void display<std::string,double,5>(const std::string &,const KVList<std::string,double,5> &,int)' being compiled
       Link:
         A:\Personal Programs\VC\bin\link.exe /ERRORREPORT:PROMPT /OUT:"A:\School\BTP 305\Lab 4\Debug\Lab 4.exe" /INCREMENTAL /NOLOGO kernel32.lib user32.lib gdi32.lib winspool.lib comdlg32.lib advapi32.lib shell32.lib ole32.lib oleaut32.lib uuid.lib odbc32.lib odbccp32.lib /MANIFEST /MANIFESTUAC:"level='asInvoker' uiAccess='false'" /manifest:embed /DEBUG /PDB:"A:\School\BTP 305\Lab 4\Debug\Lab 4.pdb" /TLBID:1 /DYNAMICBASE /NXCOMPAT /IMPLIB:"A:\School\BTP 305\Lab 4\Debug\Lab 4.lib" /MACHINE:X86 Debug\w4.obj
         Lab 4.vcxproj -> A:\School\BTP 305\Lab 4\Debug\Lab 4.exe
     1>Done Building Project "A:\School\BTP 305\Lab 4\Lab 4\Lab 4.vcxproj" (Build target(s)).

Build succeeded.

Time Elapsed 00:00:01.22
